************** Start Log For Day : '2022-12-23 10:19:34pm'**********
NUEVO LOGA post has been updated on your website:

Borrador autom치tico: https://adminwebacuarela.bilingualchildcaretraining.com/?post_type=daycare-web&p=168
nombre_para_url_del_sitio_web
************** END Log For Day : '2022-12-23 10:19:34pm'**********
************** Start Log For Day : '2022-12-23 10:19:40pm'**********
NUEVO LOGA post has been updated on your website:

New Daycare: https://adminwebacuarela.bilingualchildcaretraining.com/daycare-web/new-daycare/
nombre_para_url_del_sitio_web
************** END Log For Day : '2022-12-23 10:19:40pm'**********
************** Start Log For Day : '2022-12-23 10:20:04pm'**********
NUEVO LOGA post has been updated on your website:

Borrador autom치tico: https://adminwebacuarela.bilingualchildcaretraining.com/?post_type=daycare-web&p=169
nombre_para_url_del_sitio_web
************** END Log For Day : '2022-12-23 10:20:04pm'**********
************** Start Log For Day : '2022-12-23 10:20:12pm'**********
NUEVO LOGA post has been updated on your website:

new daycare 2: https://adminwebacuarela.bilingualchildcaretraining.com/?post_type=daycare-web&p=169
nombre_para_url_del_sitio_web
************** END Log For Day : '2022-12-23 10:20:12pm'**********
************** Start Log For Day : '2022-12-23 10:20:16pm'**********
NUEVO LOGA post has been updated on your website:

new daycare 2: https://adminwebacuarela.bilingualchildcaretraining.com/daycare-web/new-daycare-2/
nombre_para_url_del_sitio_web
************** END Log For Day : '2022-12-23 10:20:16pm'**********
************** Start Log For Day : '2022-12-23 10:21:15pm'**********
NUEVO LOGA post has been updated on your website:

Borrador autom치tico: https://adminwebacuarela.bilingualchildcaretraining.com/?post_type=daycare-web&p=170
nombre_para_url_del_sitio_web
nombre_para_url_del_sitio_web
************** END Log For Day : '2022-12-23 10:21:15pm'**********
************** Start Log For Day : '2022-12-23 10:21:17pm'**********
NUEVO LOGA post has been updated on your website:

Borrador autom치tico: https://adminwebacuarela.bilingualchildcaretraining.com/?post_type=daycare-web&p=171
nombre_para_url_del_sitio_web
nombre_para_url_del_sitio_web
************** END Log For Day : '2022-12-23 10:21:17pm'**********
************** Start Log For Day : '2022-12-23 10:21:33pm'**********
NUEVO LOGA post has been updated on your website:

Daycare 34: https://adminwebacuarela.bilingualchildcaretraining.com/?post_type=daycare-web&p=171
nombre_para_url_del_sitio_web
nombre_para_url_del_sitio_web
************** END Log For Day : '2022-12-23 10:21:33pm'**********
************** Start Log For Day : '2022-12-23 10:21:43pm'**********
NUEVO LOGA post has been updated on your website:

Daycare 34: https://adminwebacuarela.bilingualchildcaretraining.com/daycare-web/daycare-34/
nombre_para_url_del_sitio_web
nombre_para_url_del_sitio_webdaycare-new
************** END Log For Day : '2022-12-23 10:21:43pm'**********
